PLINK v1.90b6.7 64-bit (2 Dec 2018)
Options in effect:
  --bfile output
  --out output2
  --output-missing-genotype 0
  --recode 12
  --transpose

Hostname: ntrobinson-VirtualBox
Working directory: /home/ntrobinson/GWASTool/deps
Start time: Mon Feb 11 17:37:43 2019

Note: --transpose flag deprecated.  Use '--recode transpose ...'.
Random number seed: 1549928263
3944 MB RAM detected; reserving 1972 MB for main workspace.
217 variants loaded from .bim file.
197 people (0 males, 0 females, 197 ambiguous) loaded from .fam.
Ambiguous sex IDs written to output2.nosex .
Using 1 thread (no multithreaded calculations invoked).
Before main variant filters, 197 founders and 0 nonfounders present.
Calculating allele frequencies... done.
217 variants and 197 people pass filters and QC.
Note: No phenotypes present.
--recode transpose to output2.tped + output2.tfam ... done.

End time: Mon Feb 11 17:37:43 2019
